[Thu 08/14/2025 19:18:34.89] Starting JARVIS AI 2.0 
[Thu 08/14/2025 19:18:36.45] TTS initialization failed 
[Thu 08/14/2025 19:18:37.32] Starting background listener (run_hidden.vbs) 
[Thu 08/14/2025 19:19:26.74] AI core startup failed 
[Thu 08/14/2025 20:32:07.52] Starting JARVIS AI 2.0 
[Thu 08/14/2025 20:32:09.29] TTS initialization failed 
[Thu 08/14/2025 20:32:10.12] Starting background listener (run_hidden.vbs) 
[Thu 08/14/2025 20:41:44.78] Starting JARVIS AI 2.0 
[Thu 08/14/2025 20:41:46.49] TTS initialization failed 
[Thu 08/14/2025 20:41:47.34] Starting background listener (run_hidden.vbs) 
[Thu 08/14/2025 20:46:36.47] Starting JARVIS AI 2.0 
[Thu 08/14/2025 20:46:37.94] TTS initialization failed 
[Thu 08/14/2025 20:46:38.78] Starting background listener (run_hidden.vbs) 
[Thu 08/14/2025 20:48:31.23] JARVIS session ended 
[Thu 08/14/2025 20:49:00.77] Starting JARVIS AI 2.0 
[Thu 08/14/2025 20:49:02.06] TTS initialization failed 
[Thu 08/14/2025 20:49:02.85] Starting background listener (run_hidden.vbs) 
[Fri 08/15/2025 10:09:02.71] Starting JARVIS AI 2.0 
[Fri 08/15/2025 10:09:04.76] TTS initialization failed 
[Fri 08/15/2025 10:09:06.19] Starting background listener (run_hidden.vbs) 
[Fri 08/15/2025 10:10:57.01] Starting JARVIS AI 2.0 
[Fri 08/15/2025 10:10:59.22] TTS initialization failed 
[Fri 08/15/2025 10:11:00.99] Starting background listener (run_hidden.vbs) 
[Fri 08/15/2025 10:14:44.36] JARVIS session ended 
[Fri 08/15/2025 11:03:44.74] Starting JARVIS AI 2.0 
[Fri 08/15/2025 11:03:46.87] TTS initialization failed 
[Fri 08/15/2025 11:03:48.26] Starting background listener (run_hidden.vbs) 
[Fri 08/15/2025 11:07:21.43] Starting JARVIS AI 2.0 
[Fri 08/15/2025 11:07:23.38] TTS initialization failed 
[Fri 08/15/2025 11:07:24.71] Starting background listener (run_hidden.vbs) 
[Mon 08/18/2025  9:53:47.73] Starting JARVIS AI 2.0 
[Mon 08/18/2025  9:53:48.82] TTS initialization failed 
[Mon 08/18/2025  9:53:50.09] Starting background listener (run_hidden.vbs) 
[Mon 08/18/2025  9:54:27.32] AI core startup failed 
[Tue 08/19/2025 17:04:29.20] Starting JARVIS AI 2.0 
[Tue 08/19/2025 17:04:30.55] TTS initialization failed 
[Tue 08/19/2025 17:04:31.52] Starting background listener (run_hidden.vbs) 
[Tue 08/19/2025 17:05:46.35] Starting JARVIS AI 2.0 
[Tue 08/19/2025 17:05:46.96] TTS initialization failed 
[Tue 08/19/2025 17:05:47.80] Starting background listener (run_hidden.vbs) 
[Fri 08/22/2025 12:44:49.15] Starting JARVIS AI 2.0 
[Fri 08/22/2025 12:44:49.95] TTS initialization failed 
[Fri 08/22/2025 12:44:50.77] Starting background listener (run_hidden.vbs) 
[Fri 08/22/2025 13:44:10.97] Starting JARVIS AI 2.0 
[Fri 08/22/2025 13:44:12.31] TTS initialization failed 
[Fri 08/22/2025 13:44:13.12] Starting background listener (run_hidden.vbs) 
[Fri 08/22/2025 13:47:04.16] JARVIS session ended 
[Tue 08/26/2025  7:51:36.25] Starting JARVIS AI 2.0 
[Tue 08/26/2025  7:51:38.47] TTS initialization failed 
[Tue 08/26/2025  7:51:39.48] Starting background listener (run_hidden.vbs) 
[Tue 08/26/2025  7:53:18.88] JARVIS session ended 
[Tue 08/26/2025  7:54:21.86] Starting JARVIS AI 2.0 
[Tue 08/26/2025  7:54:22.81] TTS initialization failed 
[Tue 08/26/2025  7:54:24.45] Starting background listener (run_hidden.vbs) 
[Tue 08/26/2025  7:55:49.73] JARVIS session ended 
[Sat 09/06/2025 19:46:23.63] Starting JARVIS AI 2.0 
[Sat 09/06/2025 19:46:27.72] TTS initialization failed 
[Sat 09/06/2025 19:46:28.87] Starting background listener (run_hidden.vbs) 
[Tue 09/23/2025 12:15:52.29] Starting JARVIS AI 2.0 
[Tue 09/23/2025 12:15:53.31] TTS initialization failed 
[Tue 09/23/2025 12:15:54.17] Starting background listener (run_hidden.vbs) 
[Tue 09/23/2025 12:17:47.40] JARVIS session ended 
[Mon 09/29/2025 13:46:21.10] Starting JARVIS AI 2.0 
[Mon 09/29/2025 13:46:22.72] TTS initialization failed 
[Mon 09/29/2025 13:46:24.00] Starting background listener (run_hidden.vbs) 
[Mon 09/29/2025 13:47:31.56] JARVIS session ended 
[Thu 10/09/2025 13:26:28.15] Starting JARVIS AI 2.0 
[Thu 10/09/2025 13:26:30.39] TTS initialization failed 
[Thu 10/09/2025 13:26:32.85] Starting background listener (run_hidden.vbs) 
[Thu 10/09/2025 13:28:35.81] JARVIS session ended 
[Thu 10/09/2025 13:28:56.23] Starting JARVIS AI 2.0 
[Thu 10/09/2025 13:28:58.05] TTS initialization failed 
[Thu 10/09/2025 13:29:00.39] Starting background listener (run_hidden.vbs) 
[Thu 10/09/2025 13:43:48.58] Starting JARVIS AI 2.0 
[Thu 10/09/2025 13:43:53.62] TTS initialization failed 
[Thu 10/09/2025 13:43:59.63] Starting background listener (run_hidden.vbs) 
[Thu 10/09/2025 13:58:32.94] Starting JARVIS AI 2.0 
[Thu 10/09/2025 13:58:34.73] TTS initialization failed 
[Thu 10/09/2025 13:58:37.29] Starting background listener (run_hidden.vbs) 
[Thu 10/09/2025 14:02:48.52] Starting JARVIS AI 2.0 
[Thu 10/09/2025 14:02:50.36] TTS initialization failed 
[Thu 10/09/2025 14:02:52.76] Starting background listener (run_hidden.vbs) 
[Thu 10/09/2025 14:05:53.32] JARVIS session ended 
[Thu 10/09/2025 14:14:49.91] Starting JARVIS AI 2.0 
[Thu 10/09/2025 14:14:51.88] TTS initialization failed 
[Thu 10/09/2025 14:14:54.65] Starting background listener (run_hidden.vbs) 
[Thu 10/09/2025 14:30:51.76] Starting JARVIS AI 2.0 
[Thu 10/09/2025 14:30:54.06] TTS initialization failed 
[Thu 10/09/2025 14:30:56.61] Starting background listener (run_hidden.vbs) 
[Thu 10/09/2025 14:50:15.34] Starting JARVIS AI 2.0 
[Thu 10/09/2025 14:50:17.70] TTS initialization failed 
[Thu 10/09/2025 14:50:20.19] Starting background listener (run_hidden.vbs) 
[Thu 10/09/2025 14:50:20.46] AI core startup failed 
[Thu 10/09/2025 14:50:56.66] Starting JARVIS AI 2.0 
[Thu 10/09/2025 14:50:58.92] TTS initialization failed 
[Thu 10/09/2025 14:51:01.63] Starting background listener (run_hidden.vbs) 
[Thu 10/09/2025 14:51:01.85] AI core startup failed 
[Thu 10/09/2025 14:51:16.21] Starting JARVIS AI 2.0 
[Thu 10/09/2025 14:51:18.11] TTS initialization failed 
[Thu 10/09/2025 14:51:20.49] Starting background listener (run_hidden.vbs) 
[Thu 10/09/2025 14:51:20.74] AI core startup failed 
[Thu 10/09/2025 14:51:54.47] Starting JARVIS AI 2.0 
[Thu 10/09/2025 14:51:56.41] TTS initialization failed 
[Thu 10/09/2025 14:51:58.89] Starting background listener (run_hidden.vbs) 
[Fri 10/10/2025 18:37:45.45] Starting JARVIS AI 2.0 
[Fri 10/10/2025 18:37:47.78] TTS initialization failed 
[Fri 10/10/2025 18:37:49.23] Starting background listener (run_hidden.vbs) 
[Fri 10/10/2025 18:41:40.67] Starting JARVIS AI 2.0 
[Fri 10/10/2025 18:41:41.83] TTS initialization failed 
[Fri 10/10/2025 18:41:43.09] Starting background listener (run_hidden.vbs) 
[Fri 10/10/2025 18:42:09.95] AI core startup failed 
[Fri 10/10/2025 18:46:03.52] Starting JARVIS AI 2.0 
[Fri 10/10/2025 18:46:04.73] TTS initialization failed 
[Fri 10/10/2025 18:46:06.07] Starting background listener (run_hidden.vbs) 
[Fri 10/10/2025 18:46:22.05] AI core startup failed 
[Fri 10/10/2025 18:47:45.47] Starting JARVIS AI 2.0 
[Fri 10/10/2025 18:47:46.39] TTS initialization failed 
[Fri 10/10/2025 18:47:47.63] Starting background listener (run_hidden.vbs) 
[Fri 10/10/2025 18:48:00.48] AI core startup failed 
[Fri 10/10/2025 18:49:10.52] Starting JARVIS AI 2.0 
[Fri 10/10/2025 18:49:11.34] TTS initialization failed 
[Fri 10/10/2025 18:49:12.84] Starting background listener (run_hidden.vbs) 
[Fri 10/10/2025 18:49:26.96] AI core startup failed 
[Sat 11/01/2025 14:05:46.28] Starting JARVIS AI 2.0 
[Sat 11/01/2025 14:05:48.85] TTS initialization failed 
[Sat 11/01/2025 14:05:49.99] Starting background listener (run_hidden.vbs) 
[Sat 11/01/2025 14:07:28.74] Starting JARVIS AI 2.0 
[Sat 11/01/2025 14:07:29.60] TTS initialization failed 
[Sat 11/01/2025 14:07:30.76] Starting background listener (run_hidden.vbs) 
[Mon 11/03/2025 19:15:33.47] Starting JARVIS AI 2.0 
[Mon 11/03/2025 19:15:34.22] TTS initialization failed 
[Mon 11/03/2025 19:15:35.10] Starting background listener (run_hidden.vbs) 
[Wed 11/05/2025 10:26:29.75] Starting JARVIS AI 2.0 
[Wed 11/05/2025 10:26:30.97] TTS initialization failed 
[Wed 11/05/2025 10:26:32.39] Starting background listener (run_hidden.vbs) 
[Wed 11/05/2025 10:26:40.03] Starting JARVIS AI 2.0 
[Wed 11/05/2025 10:26:41.12] TTS initialization failed 
[Wed 11/05/2025 10:26:42.51] Starting background listener (run_hidden.vbs) 
[Wed 11/19/2025  8:46:20.28] Starting JARVIS AI 2.0 
[Wed 11/19/2025  8:46:22.73] TTS initialization failed 
[Wed 11/19/2025  8:46:23.57] Starting background listener (run_hidden.vbs) 
