[Thu 08/14/2025 20:58:43.16] listen.py exited with code 9009 
[Fri 08/15/2025 10:14:25.81] listen.py exited with code 1 
[Fri 08/15/2025 10:14:25.81] listen.py exited with code 1 
[Fri 08/15/2025 13:03:04.23] listen.py exited with code 9009 
[Tue 08/19/2025 17:13:18.18] listen.py exited with code -1073741515 
[Tue 08/19/2025 17:13:18.20] listen.py exited with code 9020 
[Tue 08/19/2025 17:13:18.21] listen.py exited with code 9020 
[Tue 08/19/2025 17:13:18.22] listen.py exited with code 9020 
[Tue 08/19/2025 17:13:18.23] listen.py exited with code 9020 
[Tue 08/19/2025 17:13:18.25] listen.py exited with code 9020 
[Tue 08/19/2025 17:13:18.27] listen.py exited with code 9020 
[Tue 08/19/2025 17:13:18.27] listen.py exited with code 9020 
[Tue 08/19/2025 17:13:18.27] listen.py exited with code 9020 
[Tue 08/19/2025 17:13:18.29] listen.py exited with code 9020 
[Tue 08/19/2025 17:13:18.31] listen.py exited with code 9020 
[Tue 08/19/2025 17:13:18.31] listen.py exited with code 9020 
[Tue 08/19/2025 17:13:18.32] listen.py exited with code 9020 
[Tue 08/19/2025 17:13:18.34] listen.py exited with code 9020 
[Tue 08/19/2025 17:13:18.34] listen.py exited with code 9020 
[Tue 08/19/2025 17:13:18.35] listen.py exited with code 9020 
[Tue 08/19/2025 17:13:18.37] listen.py exited with code 9020 
[Tue 08/19/2025 17:13:18.37] listen.py exited with code 9020 
[Tue 08/19/2025 17:13:18.39] listen.py exited with code 9020 
[Tue 08/19/2025 17:13:18.40] listen.py exited with code 9020 
[Tue 08/19/2025 17:13:18.40] listen.py exited with code 9020 
[Tue 08/19/2025 17:13:18.42] listen.py exited with code 9020 
[Tue 08/19/2025 17:13:18.43] listen.py exited with code 9020 
[Tue 08/19/2025 17:13:18.43] listen.py exited with code 9020 
[Tue 08/19/2025 17:13:18.45] listen.py exited with code 9020 
[Tue 08/19/2025 17:13:18.47] listen.py exited with code 9020 
[Tue 08/19/2025 17:13:18.47] listen.py exited with code 9020 
[Tue 08/19/2025 17:13:18.49] listen.py exited with code 9020 
[Tue 08/19/2025 17:13:18.50] listen.py exited with code 9020 
[Tue 08/19/2025 17:13:18.51] listen.py exited with code 9020 
[Tue 08/19/2025 17:13:18.52] listen.py exited with code 9020 
[Tue 08/19/2025 17:13:18.53] listen.py exited with code 9020 
[Tue 08/19/2025 17:13:18.54] listen.py exited with code 9020 
[Tue 08/19/2025 17:13:18.55] listen.py exited with code 9020 
[Tue 08/19/2025 17:13:18.56] listen.py exited with code 9020 
[Tue 08/19/2025 17:13:18.58] listen.py exited with code 9020 
[Tue 08/19/2025 17:13:18.59] listen.py exited with code 9020 
[Tue 08/19/2025 17:13:18.59] listen.py exited with code 9020 
[Tue 08/19/2025 17:13:18.61] listen.py exited with code 9020 
[Tue 08/19/2025 17:13:18.62] listen.py exited with code 9020 
[Tue 08/19/2025 17:13:18.64] listen.py exited with code 9020 
[Tue 08/19/2025 17:13:18.65] listen.py exited with code 9020 
[Tue 08/19/2025 17:13:18.65] listen.py exited with code 9020 
[Tue 08/19/2025 17:13:18.67] listen.py exited with code 9020 
[Tue 08/19/2025 17:13:18.69] listen.py exited with code 9020 
[Tue 08/19/2025 17:13:18.70] listen.py exited with code 9020 
[Wed 08/20/2025 15:15:19.60] listen.py exited with code 112 
[Wed 08/20/2025 17:44:55.17] listen.py exited with code 112 
[Fri 08/22/2025 13:46:47.81] listen.py exited with code 1 
